android/build/intermediates/manifest_merge_blame_file/release/manifest-merger-blame-release-report.txt
1<?xml version="1.0" encoding="utf-8"?>
2<manifest xmlns:android="http://schemas.android.com/apk/res/android"
3    package="com.tanks_2d"
4    android:versionCode="3"
5    android:versionName="2.0" >
6
7    <uses-sdk
8        android:minSdkVersion="14"
8-->tanks_reload\android\AndroidManifest.xml
9        android:targetSdkVersion="32" />
9-->tanks_reload\android\AndroidManifest.xml
10
11    <uses-permission android:name="android.permission.INTERNET" />
11-->tanks_reload\android\AndroidManifest.xml:6:5-66
11-->tanks_reload\android\AndroidManifest.xml:6:22-64
12    <uses-permission android:name="android.permission.ACCESS_WIFI_STATE" />
12-->tanks_reload\android\AndroidManifest.xml:7:5-75
12-->tanks_reload\android\AndroidManifest.xml:7:22-73
13    <uses-permission android:name="android.permission.ACCESS_NETWORK_STATE" />
13-->tanks_reload\android\AndroidManifest.xml:8:5-79
13-->tanks_reload\android\AndroidManifest.xml:8:22-76
14    <uses-permission android:name="android.permission.VIBRATE" />
14-->tanks_reload\android\AndroidManifest.xml:9:5-66
14-->tanks_reload\android\AndroidManifest.xml:9:22-63
15
16    <uses-feature
16-->tanks_reload\android\AndroidManifest.xml:11:5-13:35
17        android:glEsVersion="0x00020000"
17-->tanks_reload\android\AndroidManifest.xml:12:9-41
18        android:required="true" />
18-->tanks_reload\android\AndroidManifest.xml:13:9-32
19
20    <application
20-->tanks_reload\android\AndroidManifest.xml:15:5-39:19
21        android:allowBackup="true"
21-->tanks_reload\android\AndroidManifest.xml:16:9-35
22        android:appCategory="game"
22-->tanks_reload\android\AndroidManifest.xml:17:9-35
23        android:fullBackupContent="true"
23-->tanks_reload\android\AndroidManifest.xml:18:9-41
24        android:icon="@drawable/ic_launcher"
24-->tanks_reload\android\AndroidManifest.xml:19:9-45
25        android:isGame="true"
25-->tanks_reload\android\AndroidManifest.xml:20:9-30
26        android:label="@string/app_name" >
26-->tanks_reload\android\AndroidManifest.xml:21:9-41
27        <profileable android:shell="true" />
27-->tanks_reload\android\AndroidManifest.xml:23:9-25:36
27-->tanks_reload\android\AndroidManifest.xml:24:13-33
28
29        <activity
29-->tanks_reload\android\AndroidManifest.xml:27:9-38:20
30            android:name="com.tanks_2d.AndroidLauncher"
30-->tanks_reload\android\AndroidManifest.xml:28:13-56
31            android:configChanges="keyboard|keyboardHidden|navigation|orientation|screenSize|screenLayout"
31-->tanks_reload\android\AndroidManifest.xml:29:13-107
32            android:exported="true"
32-->tanks_reload\android\AndroidManifest.xml:30:13-36
33            android:label="@string/app_name"
33-->tanks_reload\android\AndroidManifest.xml:31:13-45
34            android:screenOrientation="landscape" >
34-->tanks_reload\android\AndroidManifest.xml:32:13-50
35            <intent-filter>
35-->tanks_reload\android\AndroidManifest.xml:33:13-37:29
36                <action android:name="android.intent.action.MAIN" />
36-->tanks_reload\android\AndroidManifest.xml:34:17-69
36-->tanks_reload\android\AndroidManifest.xml:34:25-66
37
38                <category android:name="android.intent.category.LAUNCHER" />
38-->tanks_reload\android\AndroidManifest.xml:36:17-77
38-->tanks_reload\android\AndroidManifest.xml:36:27-74
39            </intent-filter>
40        </activity>
41    </application>
42
43</manifest>